Build started 12/1/2015 8:51:49 PM.
     1>Project "D:\Documents\GitHub\Rummy\Rummy\Rummy.vcxproj" on node 2 (Build target(s)).
     1>ClCompile:
         D:\Microsoft Visual Studio 14.0\VC\bin\CL.exe /c /ZI /nologo /W3 /WX- /sdl /Od /Oy- /D _MBCS /Gm /EHsc /RTC1 /MDd /GS /fp:precise /Zc:wchar_t /Zc:forScope /Zc:inline /Fo"Debug\\" /Fd"Debug\vc140.pdb" /Gd /TP /analyze- /errorReport:prompt Card.cpp Deck.cpp GameManager.cpp Hand.cpp main.cpp Player.cpp
         Player.cpp
         main.cpp
         Hand.cpp
         GameManager.cpp
         Deck.cpp
     1>d:\documents\github\rummy\rummy\deck.cpp(23): warning C4244: 'argument': conversion from 'time_t' to 'unsigned int', possible loss of data
         Card.cpp
         Generating Code...
       Link:
         D:\Microsoft Visual Studio 14.0\VC\bin\link.exe /ERRORREPORT:PROMPT /OUT:"D:\Documents\GitHub\Rummy\Debug\Rummy.exe" /INCREMENTAL /NOLOGO kernel32.lib user32.lib gdi32.lib winspool.lib comdlg32.lib advapi32.lib shell32.lib ole32.lib oleaut32.lib uuid.lib odbc32.lib odbccp32.lib /MANIFEST /MANIFESTUAC:"level='asInvoker' uiAccess='false'" /manifest:embed /Debug /PDB:"D:\Documents\GitHub\Rummy\Debug\Rummy.pdb" /TLBID:1 /DYNAMICBASE /NXCOMPAT /IMPLIB:"D:\Documents\GitHub\Rummy\Debug\Rummy.lib" /MACHINE:X86 Debug\Card.obj
         Debug\Deck.obj
         Debug\GameManager.obj
         Debug\Hand.obj
         Debug\main.obj
         Debug\Player.obj
         Rummy.vcxproj -> D:\Documents\GitHub\Rummy\Debug\Rummy.exe
     1>Done Building Project "D:\Documents\GitHub\Rummy\Rummy\Rummy.vcxproj" (Build target(s)).

Build succeeded.

Time Elapsed 00:00:02.54
